<?xml version="1.0" encoding="UTF-8"?>
<!-- Generated by org.testng.reporters.JUnitXMLReporter -->
<testsuite hostname="Jaffer" ignored="0" name="Test" tests="4" failures="0" timestamp="23 May 2018 09:48:47 GMT" time="91.083" errors="0">
  <testcase name="testFacebookHome" time="10.182" classname="tests.Test1"/>
  <testcase name="testInstagarmHome" time="13.95" classname="tests.Test2"/>
  <testcase name="testTwitterHome" time="15.809" classname="tests.Test3"/>
  <testcase name="testLinkedInHome" time="17.009" classname="tests.Test4"/>
</testsuite> <!-- Test -->
